0 info it worked if it ends with ok
1 verbose cli [ 'C:\\Program Files\\nodejs\\node.exe',
1 verbose cli   'C:\\Program Files\\nodejs\\node_modules\\npm\\bin\\npm-cli.js',
1 verbose cli   'run',
1 verbose cli   'dev' ]
2 info using npm@3.10.10
3 info using node@v6.9.4
4 verbose run-script [ 'predev', 'dev', 'postdev' ]
5 info lifecycle webpack-react-starter@1.0.0~predev: webpack-react-starter@1.0.0
6 silly lifecycle webpack-react-starter@1.0.0~predev: no script for predev, continuing
7 info lifecycle webpack-react-starter@1.0.0~dev: webpack-react-starter@1.0.0
8 verbose lifecycle webpack-react-starter@1.0.0~dev: unsafe-perm in lifecycle true
9 verbose lifecycle webpack-react-starter@1.0.0~dev: PATH: C:\Program Files\nodejs\node_modules\npm\bin\node-gyp-bin;C:\Users\Christopher\Developer\personalProjects\react-personal\node_modules\.bin;C:\Program Files (x86)\Intel\iCLS Client\;C:\Program Files\Intel\iCLS Client\;C:\cygwin64\bin;C:\ProgramData\Oracle\Java\javapath;C:\Program Files\Dell\DW WLAN Card;C:\WINDOWS\system32;C:\WINDOWS;C:\WINDOWS\System32\Wbem;C:\WINDOWS\System32\WindowsPowerShell\v1.0\;C:\Program Files\nodejs\;C:\Program Files\Git\cmd;C:\Program Files\Sublime Text 3;C:\MinGW\bin;C:\Program Files (x86)\Intel\Intel(R) Management Engine Components\DAL;C:\Program Files\Intel\Intel(R) Management Engine Components\DAL;C:\Program Files (x86)\Intel\Intel(R) Management Engine Components\IPT;C:\Program Files\Intel\Intel(R) Management Engine Components\IPT;C:\Users\Christopher\AppData\Local\Programs\Python\Python36-32\Scripts\;C:\Users\Christopher\AppData\Local\Programs\Python\Python36-32\;C:\Users\Christopher\AppData\Local\Microsoft\WindowsApps;C:\Program Files\Java\jdk1.8.0_111\bin;C:\Users\Christopher\AppData\Roaming\npm;C:\Program Files\Heroku\bin;C:\Users\Christopher\AppData\Local\Microsoft\WindowsApps;C:\Program Files\Microsoft VS Code\bin;
10 verbose lifecycle webpack-react-starter@1.0.0~dev: CWD: C:\Users\Christopher\Developer\personalProjects\react-personal
11 silly lifecycle webpack-react-starter@1.0.0~dev: Args: [ '/d /s /c',
11 silly lifecycle   'npm run build:dev && webpack-dev-server --progress --colors' ]
12 silly lifecycle webpack-react-starter@1.0.0~dev: Returned: code: 3221225786  signal: null
13 info lifecycle webpack-react-starter@1.0.0~dev: Failed to exec dev script
14 verbose stack Error: webpack-react-starter@1.0.0 dev: `npm run build:dev && webpack-dev-server --progress --colors`
14 verbose stack Exit status 3221225786
14 verbose stack     at EventEmitter.<anonymous> (C:\Program Files\nodejs\node_modules\npm\lib\utils\lifecycle.js:255:16)
14 verbose stack     at emitTwo (events.js:106:13)
14 verbose stack     at EventEmitter.emit (events.js:191:7)
14 verbose stack     at ChildProcess.<anonymous> (C:\Program Files\nodejs\node_modules\npm\lib\utils\spawn.js:40:14)
14 verbose stack     at emitTwo (events.js:106:13)
14 verbose stack     at ChildProcess.emit (events.js:191:7)
14 verbose stack     at maybeClose (internal/child_process.js:877:16)
14 verbose stack     at Process.ChildProcess._handle.onexit (internal/child_process.js:226:5)
15 verbose pkgid webpack-react-starter@1.0.0
16 verbose cwd C:\Users\Christopher\Developer\personalProjects\react-personal
17 error Windows_NT 10.0.16299
18 error argv "C:\\Program Files\\nodejs\\node.exe" "C:\\Program Files\\nodejs\\node_modules\\npm\\bin\\npm-cli.js" "run" "dev"
19 error node v6.9.4
20 error npm  v3.10.10
21 error code ELIFECYCLE
22 error webpack-react-starter@1.0.0 dev: `npm run build:dev && webpack-dev-server --progress --colors`
22 error Exit status 3221225786
23 error Failed at the webpack-react-starter@1.0.0 dev script 'npm run build:dev && webpack-dev-server --progress --colors'.
23 error Make sure you have the latest version of node.js and npm installed.
23 error If you do, this is most likely a problem with the webpack-react-starter package,
23 error not with npm itself.
23 error Tell the author that this fails on your system:
23 error     npm run build:dev && webpack-dev-server --progress --colors
23 error You can get information on how to open an issue for this project with:
23 error     npm bugs webpack-react-starter
23 error Or if that isn't available, you can get their info via:
23 error     npm owner ls webpack-react-starter
23 error There is likely additional logging output above.
24 verbose exit [ 1, true ]
